d:\hlocal\3 gdv\1 cuatrimestre\sim\proyecto\motorfisicav2\freeglut project 3d\debug\vc120.pdb
d:\hlocal\3 gdv\1 cuatrimestre\sim\proyecto\motorfisicav2\freeglut project 3d\debug\vc120.idb
d:\hlocal\3 gdv\1 cuatrimestre\sim\proyecto\motorfisicav2\freeglut project 3d\debug\discoparcial.obj
d:\hlocal\3 gdv\1 cuatrimestre\sim\proyecto\motorfisicav2\freeglut project 3d\debug\escena.obj
d:\hlocal\3 gdv\1 cuatrimestre\sim\proyecto\motorfisicav2\freeglut project 3d\debug\esfera.obj
d:\hlocal\3 gdv\1 cuatrimestre\sim\proyecto\motorfisicav2\freeglut project 3d\debug\falsotetraedro.obj
d:\hlocal\3 gdv\1 cuatrimestre\sim\proyecto\motorfisicav2\freeglut project 3d\debug\hipotrocoide.obj
d:\hlocal\3 gdv\1 cuatrimestre\sim\proyecto\motorfisicav2\freeglut project 3d\debug\malla.obj
d:\hlocal\3 gdv\1 cuatrimestre\sim\proyecto\motorfisicav2\freeglut project 3d\debug\objeto3dfisico.obj
d:\hlocal\3 gdv\1 cuatrimestre\sim\proyecto\motorfisicav2\freeglut project 3d\debug\objetocompuesto.obj
d:\hlocal\3 gdv\1 cuatrimestre\sim\proyecto\motorfisicav2\freeglut project 3d\debug\objetocuadrico.obj
d:\hlocal\3 gdv\1 cuatrimestre\sim\proyecto\motorfisicav2\freeglut project 3d\debug\puntovector3d.obj
d:\hlocal\3 gdv\1 cuatrimestre\sim\proyecto\motorfisicav2\freeglut project 3d\debug\quadtree.obj
d:\hlocal\3 gdv\1 cuatrimestre\sim\proyecto\motorfisicav2\freeglut project 3d\debug\quadtreenode.obj
d:\hlocal\3 gdv\1 cuatrimestre\sim\proyecto\motorfisicav2\freeglut project 3d\debug\rueda.obj
d:\hlocal\3 gdv\1 cuatrimestre\sim\proyecto\motorfisicav2\freeglut project 3d\debug\tafin.obj
d:\hlocal\3 gdv\1 cuatrimestre\sim\proyecto\motorfisicav2\freeglut project 3d\debug\test1.obj
d:\hlocal\3 gdv\1 cuatrimestre\sim\proyecto\motorfisicav2\freeglut project 3d\debug\verticenormal.obj
d:\hlocal\3 gdv\1 cuatrimestre\sim\proyecto\motorfisicav2\freeglut project 3d\debug\world.obj
d:\hlocal\3 gdv\1 cuatrimestre\sim\proyecto\motorfisicav2\freeglut project 3d\debug\arbolcono1.obj
d:\hlocal\3 gdv\1 cuatrimestre\sim\proyecto\motorfisicav2\freeglut project 3d\debug\arbolcono2.obj
d:\hlocal\3 gdv\1 cuatrimestre\sim\proyecto\motorfisicav2\freeglut project 3d\debug\arbolesfera1.obj
d:\hlocal\3 gdv\1 cuatrimestre\sim\proyecto\motorfisicav2\freeglut project 3d\debug\arbolesfera2.obj
d:\hlocal\3 gdv\1 cuatrimestre\sim\proyecto\motorfisicav2\freeglut project 3d\debug\cara.obj
d:\hlocal\3 gdv\1 cuatrimestre\sim\proyecto\motorfisicav2\freeglut project 3d\debug\cilindro.obj
d:\hlocal\3 gdv\1 cuatrimestre\sim\proyecto\motorfisicav2\freeglut project 3d\debug\coche.obj
d:\hlocal\3 gdv\1 cuatrimestre\sim\proyecto\motorfisicav2\freeglut project 3d\debug\cono.obj
d:\hlocal\3 gdv\1 cuatrimestre\sim\proyecto\motorfisicav2\freeglut project 3d\debug\copacono.obj
d:\hlocal\3 gdv\1 cuatrimestre\sim\proyecto\motorfisicav2\freeglut project 3d\debug\copadoblecono.obj
d:\hlocal\3 gdv\1 cuatrimestre\sim\proyecto\motorfisicav2\freeglut project 3d\debug\copadobleesfera.obj
d:\hlocal\3 gdv\1 cuatrimestre\sim\proyecto\motorfisicav2\freeglut project 3d\debug\copaesfera.obj
d:\hlocal\3 gdv\1 cuatrimestre\sim\proyecto\motorfisicav2\freeglut project 3d\debug\cubo.obj
d:\hlocal\3 gdv\1 cuatrimestre\sim\proyecto\motorfisicav2\freeglut project 3d\debug\cuborevolucion.obj
d:\hlocal\3 gdv\1 cuatrimestre\sim\proyecto\motorfisicav2\freeglut project 3d\debug\disco.obj
d:\hlocal\3 gdv\1 cuatrimestre\sim\proyecto\motorfisicav2\freeglut project 3d\debug\particlerainsystem.obj
d:\hlocal\3 gdv\1 cuatrimestre\sim\proyecto\motorfisicav2\freeglut project 3d\debug\particles.obj
d:\hlocal\3 gdv\1 cuatrimestre\sim\proyecto\motorfisicav2\freeglut project 3d\debug\main.obj
c:\hlocal\sim\motorfisicav2\freeglut project 3d\debug\vc120.pdb
c:\hlocal\sim\motorfisicav2\freeglut project 3d\debug\vc120.idb
c:\hlocal\sim\motorfisicav2\freeglut project 3d\debug\hipotrocoide.obj
c:\hlocal\sim\motorfisicav2\freeglut project 3d\debug\malla.obj
c:\hlocal\sim\motorfisicav2\freeglut project 3d\debug\masscenter.obj
c:\hlocal\sim\motorfisicav2\freeglut project 3d\debug\objeto3dfisico.obj
c:\hlocal\sim\motorfisicav2\freeglut project 3d\debug\objetocompuesto.obj
c:\hlocal\sim\motorfisicav2\freeglut project 3d\debug\objetocuadrico.obj
c:\hlocal\sim\motorfisicav2\freeglut project 3d\debug\puntovector3d.obj
c:\hlocal\sim\motorfisicav2\freeglut project 3d\debug\quadtree.obj
c:\hlocal\sim\motorfisicav2\freeglut project 3d\debug\quadtreenode.obj
c:\hlocal\sim\motorfisicav2\freeglut project 3d\debug\rueda.obj
c:\hlocal\sim\motorfisicav2\freeglut project 3d\debug\tafin.obj
c:\hlocal\sim\motorfisicav2\freeglut project 3d\debug\verticenormal.obj
c:\hlocal\sim\motorfisicav2\freeglut project 3d\debug\world.obj
c:\hlocal\sim\motorfisicav2\freeglut project 3d\debug\arbolcono1.obj
c:\hlocal\sim\motorfisicav2\freeglut project 3d\debug\arbolcono2.obj
c:\hlocal\sim\motorfisicav2\freeglut project 3d\debug\arbolesfera1.obj
c:\hlocal\sim\motorfisicav2\freeglut project 3d\debug\arbolesfera2.obj
c:\hlocal\sim\motorfisicav2\freeglut project 3d\debug\cara.obj
c:\hlocal\sim\motorfisicav2\freeglut project 3d\debug\cilindro.obj
c:\hlocal\sim\motorfisicav2\freeglut project 3d\debug\coche.obj
c:\hlocal\sim\motorfisicav2\freeglut project 3d\debug\cono.obj
c:\hlocal\sim\motorfisicav2\freeglut project 3d\debug\copacono.obj
c:\hlocal\sim\motorfisicav2\freeglut project 3d\debug\copadoblecono.obj
c:\hlocal\sim\motorfisicav2\freeglut project 3d\debug\copadobleesfera.obj
c:\hlocal\sim\motorfisicav2\freeglut project 3d\debug\copaesfera.obj
c:\hlocal\sim\motorfisicav2\freeglut project 3d\debug\cubo.obj
c:\hlocal\sim\motorfisicav2\freeglut project 3d\debug\cuborevolucion.obj
c:\hlocal\sim\motorfisicav2\freeglut project 3d\debug\disco.obj
c:\hlocal\sim\motorfisicav2\freeglut project 3d\debug\discoparcial.obj
c:\hlocal\sim\motorfisicav2\freeglut project 3d\debug\escena.obj
c:\hlocal\sim\motorfisicav2\freeglut project 3d\debug\esfera.obj
c:\hlocal\sim\motorfisicav2\freeglut project 3d\debug\falsotetraedro.obj
c:\hlocal\sim\motorfisicav2\freeglut project 3d\debug\particlerainsystem.obj
c:\hlocal\sim\motorfisicav2\freeglut project 3d\debug\test1.obj
c:\hlocal\sim\motorfisicav2\freeglut project 3d\debug\testrb1.obj
c:\hlocal\sim\motorfisicav2\freeglut project 3d\debug\main.obj
c:\hlocal\sim\motorfisicav2\freeglut project 3d\debug\rigidbody.obj
c:\hlocal\sim\motorfisicav2\freeglut project 3d\debug\rigidbodyspawn.obj
c:\hlocal\sim\motorfisicav2\freeglut project 3d\debug\particles.obj
d:\hlocal\3 gdv\1 cuatrimestre\sim\proyecto\motorfisicav2\debug\freeglut project 3d.ilk
d:\hlocal\3 gdv\1 cuatrimestre\sim\proyecto\motorfisicav2\debug\freeglut project 3d.exe
d:\hlocal\3 gdv\1 cuatrimestre\sim\proyecto\motorfisicav2\debug\freeglut project 3d.pdb
c:\hlocal\sim\motorfisicav2\debug\freeglut project 3d.ilk
c:\hlocal\sim\motorfisicav2\debug\freeglut project 3d.exe
c:\hlocal\sim\motorfisicav2\debug\freeglut project 3d.pdb
c:\hlocal\sim\motorfisicav2\freeglut project 3d\debug\freeglut.7b0bffd4.tlog\cl.command.1.tlog
c:\hlocal\sim\motorfisicav2\freeglut project 3d\debug\freeglut.7b0bffd4.tlog\cl.read.1.tlog
c:\hlocal\sim\motorfisicav2\freeglut project 3d\debug\freeglut.7b0bffd4.tlog\cl.write.1.tlog
c:\hlocal\sim\motorfisicav2\freeglut project 3d\debug\freeglut.7b0bffd4.tlog\link.command.1.tlog
c:\hlocal\sim\motorfisicav2\freeglut project 3d\debug\freeglut.7b0bffd4.tlog\link.read.1.tlog
c:\hlocal\sim\motorfisicav2\freeglut project 3d\debug\freeglut.7b0bffd4.tlog\link.write.1.tlog
