  Physics_Functions.cpp
d:\documentos\ucm\física\motorfisicav2\freeglut project 3d\physics_functions.cpp(46): warning C4244: 'argumento': conversión de 'double' a 'GLfloat'; posible pérdida de datos
d:\documentos\ucm\física\motorfisicav2\freeglut project 3d\physics_functions.cpp(74): warning C4244: '=': conversión de 'double' a 'float'; posible pérdida de datos
d:\documentos\ucm\física\motorfisicav2\freeglut project 3d\physics_functions.cpp(77): warning C4244: 'argumento': conversión de 'double' a 'GLfloat'; posible pérdida de datos
d:\documentos\ucm\física\motorfisicav2\freeglut project 3d\physics_functions.cpp(138): warning C4244: 'argumento': conversión de 'double' a 'GLfloat'; posible pérdida de datos
d:\documentos\ucm\física\motorfisicav2\freeglut project 3d\physics_functions.cpp(146): warning C4244: 'argumento': conversión de 'double' a 'GLfloat'; posible pérdida de datos
d:\documentos\ucm\física\motorfisicav2\freeglut project 3d\physics_functions.cpp(183): warning C4244: 'argumento': conversión de 'double' a 'GLfloat'; posible pérdida de datos
d:\documentos\ucm\física\motorfisicav2\freeglut project 3d\physics_functions.cpp(191): warning C4244: 'argumento': conversión de 'double' a 'GLfloat'; posible pérdida de datos
d:\documentos\ucm\física\motorfisicav2\freeglut project 3d\physics_functions.cpp(252): warning C4244: 'argumento': conversión de 'double' a 'GLfloat'; posible pérdida de datos
d:\documentos\ucm\física\motorfisicav2\freeglut project 3d\physics_functions.cpp(256): warning C4244: 'argumento': conversión de 'double' a 'GLfloat'; posible pérdida de datos
d:\documentos\ucm\física\motorfisicav2\freeglut project 3d\physics_functions.cpp(261): warning C4244: 'argumento': conversión de 'double' a 'GLfloat'; posible pérdida de datos
d:\documentos\ucm\física\motorfisicav2\freeglut project 3d\physics_functions.cpp(302): warning C4244: 'argumento': conversión de 'double' a 'GLfloat'; posible pérdida de datos
d:\documentos\ucm\física\motorfisicav2\freeglut project 3d\physics_functions.cpp(309): warning C4244: 'argumento': conversión de 'double' a 'GLfloat'; posible pérdida de datos
d:\documentos\ucm\física\motorfisicav2\freeglut project 3d\physics_functions.cpp(310): warning C4244: 'argumento': conversión de 'double' a 'GLfloat'; posible pérdida de datos
d:\documentos\ucm\física\motorfisicav2\freeglut project 3d\physics_functions.cpp(268): warning C4101: 'd1': variable local sin referencia
d:\documentos\ucm\física\motorfisicav2\freeglut project 3d\physics_functions.cpp(269): warning C4101: 'ra': variable local sin referencia
d:\documentos\ucm\física\motorfisicav2\freeglut project 3d\physics_functions.cpp(269): warning C4101: 'rb': variable local sin referencia
d:\documentos\ucm\física\motorfisicav2\freeglut project 3d\physics_functions.cpp(270): warning C4101: 'err_l': variable local sin referencia
d:\documentos\ucm\física\motorfisicav2\freeglut project 3d\physics_functions.cpp(268): warning C4101: 'd2': variable local sin referencia
  freeglut project 3D.vcxproj -> D:\Documentos\UCM\Física\MotorFisicaV2\Debug\freeglut project 3D.exe
  freeglut project 3D.vcxproj -> D:\Documentos\UCM\Física\MotorFisicaV2\Debug\freeglut project 3D.pdb (Full PDB)
